<?xml version="1.0" encoding="UTF-8"?>
<!-- Generated by org.testng.reporters.JUnitReportReporter -->
<testsuite hostname="DESKTOP-6P9V2RS" failures="0" tests="1" name="com.CRM.TestCases.LoginPageTest" time="2.384" errors="0" timestamp="2024-05-06T15:55:51 IST" skipped="0">
  <testcase classname="com.CRM.TestCases.LoginPageTest" name="validateLogin" time="2.384"/>
  <system-out/>
</testsuite> <!-- com.CRM.TestCases.LoginPageTest -->
