<?xml version="1.0" encoding="UTF-8"?>
<!-- Generated by org.testng.reporters.JUnitReportReporter -->
<testsuite hostname="DESKTOP-6P9V2RS" failures="0" tests="3" name="Assignments.OHRMLogin_Logout" time="13.838" errors="0" timestamp="2024-04-26T14:25:08 IST" skipped="0">
  <testcase classname="Assignments.OHRMLogin_Logout" name="loginToOHRM" time="8.768"/>
  <system-out/>
  <testcase classname="Assignments.OHRMLogin_Logout" name="loginToOHRM1" time="2.355"/>
  <system-out/>
  <testcase classname="Assignments.OHRMLogin_Logout" name="loginToOHRM2" time="2.715"/>
  <system-out/>
</testsuite> <!-- Assignments.OHRMLogin_Logout -->
