<?xml version="1.0" encoding="UTF-8"?>
<!-- Generated by org.testng.reporters.JUnitReportReporter -->
<testsuite hostname="DESKTOP-6P9V2RS" failures="0" tests="4" name="com.TestNGDemos.D03Before_After_Test" time="57.611" errors="0" timestamp="2024-04-14T18:31:26 IST" skipped="0">
  <testcase classname="com.TestNGDemos.D03Before_After_Test" name="openAjio" time="9.895"/>
  <system-out/>
  <testcase classname="com.TestNGDemos.D03Before_After_Test" name="openMyntra" time="11.871"/>
  <system-out/>
  <testcase classname="com.TestNGDemos.D03Before_After_Test" name="openAmazon" time="17.906"/>
  <system-out/>
  <testcase classname="com.TestNGDemos.D03Before_After_Test" name="openFlipkart" time="17.939"/>
  <system-out/>
</testsuite> <!-- com.TestNGDemos.D03Before_After_Test -->
