<?xml version="1.0" encoding="UTF-8"?>
<!-- Generated by org.testng.reporters.JUnitReportReporter -->
<testsuite hostname="DESKTOP-6P9V2RS" failures="0" tests="1" name="Assignments.Assignment_WriteToExcel" time="0.053" errors="0" timestamp="2024-04-27T22:40:21 IST" skipped="0">
  <testcase classname="Assignments.Assignment_WriteToExcel" name="f" time="0.053"/>
  <system-out/>
</testsuite> <!-- Assignments.Assignment_WriteToExcel -->
