<?xml version="1.0" encoding="UTF-8"?>
<!-- Generated by org.testng.reporters.JUnitReportReporter -->
<testsuite hostname="DESKTOP-6P9V2RS" failures="0" tests="1" name="StarAgileAssignments.Assignment4" time="2.235" errors="0" timestamp="2024-04-28T17:23:34 IST" skipped="0">
  <testcase classname="StarAgileAssignments.Assignment4" name="f" time="2.235"/>
  <system-out/>
</testsuite> <!-- StarAgileAssignments.Assignment4 -->
