<?xml version="1.0" encoding="UTF-8"?>
<!-- Generated by org.testng.reporters.JUnitReportReporter -->
<testsuite hostname="DESKTOP-6P9V2RS" failures="0" tests="1" name="com.TestNGDemos.D10WriteToExcel" time="0.075" errors="0" timestamp="2024-04-27T14:03:31 IST" skipped="0">
  <testcase classname="com.TestNGDemos.D10WriteToExcel" name="writeDataToExcel" time="0.075"/>
  <system-out/>
</testsuite> <!-- com.TestNGDemos.D10WriteToExcel -->
