<?xml version="1.0" encoding="UTF-8"?>
<!-- Generated by org.testng.reporters.JUnitReportReporter -->
<testsuite hostname="DESKTOP-6P9V2RS" failures="0" tests="4" name="com.TestNGDemos.D02MultipleTests" time="77.750" errors="0" timestamp="2024-04-14T18:12:15 IST" skipped="0">
  <testcase classname="com.TestNGDemos.D02MultipleTests" name="openFlipkart" time="15.096"/>
  <system-out/>
  <testcase classname="com.TestNGDemos.D02MultipleTests" name="openAjio" time="20.629"/>
  <system-out/>
  <testcase classname="com.TestNGDemos.D02MultipleTests" name="openMyntra" time="22.302"/>
  <system-out/>
  <testcase classname="com.TestNGDemos.D02MultipleTests" name="openAmazon" time="19.723"/>
  <system-out/>
</testsuite> <!-- com.TestNGDemos.D02MultipleTests -->
