<?xml version="1.0" encoding="UTF-8"?>
<!-- Generated by org.testng.reporters.JUnitReportReporter -->
<testsuite hostname="DESKTOP-6P9V2RS" failures="0" tests="4" name="com.TestNGDemos.D04Before_After_Method" time="52.138" errors="0" timestamp="2024-04-14T18:47:16 IST" skipped="0">
  <testcase classname="com.TestNGDemos.D04Before_After_Method" name="openAjio" time="6.242"/>
  <system-out/>
  <testcase classname="com.TestNGDemos.D04Before_After_Method" name="openMyntra" time="20.110"/>
  <system-out/>
  <testcase classname="com.TestNGDemos.D04Before_After_Method" name="openAmazon" time="11.249"/>
  <system-out/>
  <testcase classname="com.TestNGDemos.D04Before_After_Method" name="openFlipkart" time="14.537"/>
  <system-out/>
</testsuite> <!-- com.TestNGDemos.D04Before_After_Method -->
