<?xml version="1.0" encoding="UTF-8"?>
<!-- Generated by org.testng.reporters.JUnitReportReporter -->
<testsuite hostname="DESKTOP-6P9V2RS" failures="0" tests="1" name="com.TestNGDemos.D11ReadFromExcel" time="0.024" errors="0" timestamp="2024-04-27T23:42:26 IST" skipped="0">
  <testcase classname="com.TestNGDemos.D11ReadFromExcel" name="readData" time="0.024"/>
  <system-out/>
</testsuite> <!-- com.TestNGDemos.D11ReadFromExcel -->
