<?xml version="1.0" encoding="UTF-8"?>
<!-- Generated by org.testng.reporters.JUnitReportReporter -->
<testsuite hostname="DESKTOP-6P9V2RS" failures="0" tests="3" name="com.com.TestNGDemos.Assignment_DataProvider" time="3.352" errors="0" timestamp="2024-04-26T15:36:51 IST" skipped="0">
  <testcase classname="com.com.TestNGDemos.Assignment_DataProvider" name="Login" time="1.666"/>
  <system-out/>
  <testcase classname="com.com.TestNGDemos.Assignment_DataProvider" name="Login" time="1.489"/>
  <system-out/>
  <testcase classname="com.com.TestNGDemos.Assignment_DataProvider" name="Login" time="0.197"/>
  <system-out/>
</testsuite> <!-- com.com.TestNGDemos.Assignment_DataProvider -->
