<?xml version="1.0" encoding="UTF-8"?>
<!-- Generated by org.testng.reporters.JUnitReportReporter -->
<testsuite hostname="DESKTOP-6P9V2RS" failures="0" tests="4" name="com.TestNGDemos.D06AmazonTest" time="81.573" errors="0" timestamp="2024-04-26T17:56:06 IST" skipped="0">
  <testcase classname="com.TestNGDemos.D06AmazonTest" name="clickOnSell" time="21.939"/>
  <system-out/>
  <testcase classname="com.TestNGDemos.D06AmazonTest" name="clickOnBestSeller" time="18.041"/>
  <system-out/>
  <testcase classname="com.TestNGDemos.D06AmazonTest" name="clickOnMobiles" time="7.587"/>
  <system-out/>
  <testcase classname="com.TestNGDemos.D06AmazonTest" name="clickOnElectronics" time="34.006"/>
  <system-out/>
</testsuite> <!-- com.TestNGDemos.D06AmazonTest -->
