<?xml version="1.0" encoding="UTF-8"?>
<!-- Generated by org.testng.reporters.JUnitReportReporter -->
<testsuite hostname="DESKTOP-6P9V2RS" failures="0" tests="4" name="com.TestNGDemos.D12LoginToOHRM_DDF" time="14.787" errors="0" timestamp="2024-04-28T14:59:23 IST" skipped="0">
  <testcase classname="com.TestNGDemos.D12LoginToOHRM_DDF" name="login" time="1.868"/>
  <system-out/>
  <testcase classname="com.TestNGDemos.D12LoginToOHRM_DDF" name="login" time="2.321"/>
  <system-out/>
  <testcase classname="com.TestNGDemos.D12LoginToOHRM_DDF" name="login" time="3.068"/>
  <system-out/>
  <testcase classname="com.TestNGDemos.D12LoginToOHRM_DDF" name="login" time="7.530"/>
  <system-out/>
</testsuite> <!-- com.TestNGDemos.D12LoginToOHRM_DDF -->
