<?xml version="1.0" encoding="UTF-8"?>
<!-- Generated by org.testng.reporters.JUnitReportReporter -->
<testsuite hostname="DESKTOP-6P9V2RS" failures="0" tests="1" name="com.TestNGDemos.D07Parameterization" time="3.177" errors="0" timestamp="2024-04-26T17:56:55 IST" skipped="0">
  <testcase classname="com.TestNGDemos.D07Parameterization" name="f" time="3.177"/>
  <system-out/>
</testsuite> <!-- com.TestNGDemos.D07Parameterization -->
