<?xml version="1.0" encoding="UTF-8"?>
<!-- Generated by org.testng.reporters.JUnitReportReporter -->
<testsuite hostname="DESKTOP-6P9V2RS" failures="0" tests="1" name="com.TestNGDemos.D01FirstTest" time="59.261" errors="0" timestamp="2024-04-14T17:53:35 IST" skipped="0">
  <testcase classname="com.TestNGDemos.D01FirstTest" name="openRediff" time="59.261"/>
  <system-out/>
</testsuite> <!-- com.TestNGDemos.D01FirstTest -->
